<?xml version="1.0" encoding="UTF-8"?>
<testng-results ignored="0" total="2" passed="2" failed="0" skipped="0">
  <reporter-output>
  </reporter-output>
  <suite started-at="2023-01-28T16:41:39 IST" name="Suite" finished-at="2023-01-28T16:41:40 IST" duration-ms="106">
    <groups>
      <group name="regression">
        <method signature="CreateCustomer.createTest1()[pri:0, instance:com.UDU.BTM.CreateCustomer@306cf3ea]" name="createTest1" class="com.UDU.BTM.CreateCustomer"/>
        <method signature="CreateCustomer.createTest1()[pri:0, instance:com.UDU.BTM.CreateCustomer@3e6ef8ad]" name="createTest1" class="com.UDU.BTM.CreateCustomer"/>
      </group> <!-- regression -->
      <group name="smoke">
        <method signature="CreateCustomer2.createTeast2()[pri:0, instance:com.UDU.BTM.CreateCustomer2@1bb266b3]" name="createTeast2" class="com.UDU.BTM.CreateCustomer2"/>
        <method signature="CreateCustomer2.createTeast2()[pri:0, instance:com.UDU.BTM.CreateCustomer2@59af0466]" name="createTeast2" class="com.UDU.BTM.CreateCustomer2"/>
      </group> <!-- smoke -->
    </groups>
    <test started-at="2023-01-28T16:41:39 IST" name="Testrunner1" finished-at="2023-01-28T16:41:40 IST" duration-ms="106">
      <class name="com.UDU.BTM.CreateCustomer2">
        <test-method signature="createTeast2()[pri:0, instance:com.UDU.BTM.CreateCustomer2@1bb266b3]" started-at="2023-01-28T16:41:39 IST" name="createTeast2" finished-at="2023-01-28T16:41:40 IST" duration-ms="16" status="PASS">
          <reporter-output>
          </reporter-output>
        </test-method> <!-- createTeast2 -->
      </class> <!-- com.UDU.BTM.CreateCustomer2 -->
      <class name="com.UDU.BTM.CreateCustomer">
        <test-method signature="createTest1()[pri:0, instance:com.UDU.BTM.CreateCustomer@306cf3ea]" started-at="2023-01-28T16:41:40 IST" name="createTest1" finished-at="2023-01-28T16:41:40 IST" duration-ms="4" status="PASS">
          <reporter-output>
          </reporter-output>
        </test-method> <!-- createTest1 -->
      </class> <!-- com.UDU.BTM.CreateCustomer -->
    </test> <!-- Testrunner1 -->
  </suite> <!-- Suite -->
</testng-results>
