<?xml version="1.0" encoding="UTF-8"?>
<testng-results ignored="0" total="1" passed="1" failed="0" skipped="0">
  <reporter-output>
  </reporter-output>
  <suite started-at="2023-01-28T14:52:48 IST" name="Default suite" finished-at="2023-01-28T14:52:48 IST" duration-ms="100">
    <groups>
    </groups>
    <test started-at="2023-01-28T14:52:48 IST" name="Default test" finished-at="2023-01-28T14:52:48 IST" duration-ms="100">
      <class name="com.UDU.BTM.CreateCustomer">
        <test-method signature="createTest1()[pri:0, instance:com.UDU.BTM.CreateCustomer@5ace1ed4]" started-at="2023-01-28T14:52:48 IST" name="createTest1" finished-at="2023-01-28T14:52:48 IST" duration-ms="19" status="PASS">
          <reporter-output>
          </reporter-output>
        </test-method> <!-- createTest1 -->
      </class> <!-- com.UDU.BTM.CreateCustomer -->
    </test> <!-- Default test -->
  </suite> <!-- Default suite -->
</testng-results>
